<?xml version="1.0" encoding="UTF-8"?><testsuite errors="1" failures="0" name="Reto Choucair" skipped="0" tests="1" time="59.34" timestamp="2022-04-01 12:36:56"><testcase name="Make a new register"><error message="invalid selector: Unable to locate an element with the xpath expression //h1[contains(text(), 'Welcome to the world's largest community of freelance software testers!')] because of the following error:&#10;SyntaxError: Failed to execute 'evaluate' on 'Document': The string '//h1[contains(text(), 'Welcome to the world's largest community of freelance software testers!')]' is not a valid XPath expression.&#10;  (Session info: chrome=100.0.4896.60)&#10;For documentation on this error, please visit: https://www.seleniumhq.org/exceptions/invalid_selector_exception.html&#10;Build info: version: '3.141.59', revision: 'e82be7d358', time: '2018-11-14T08:17:03'&#10;System info: host: 'DESKTOP-I1G8VKD', ip: '10.212.129.53', os.name: 'Windows 10', os.arch: 'amd64', os.version: '10.0', java.version: '1.8.0_241'&#10;Driver info: org.openqa.selenium.chrome.ChromeDriver&#10;Capabilities {acceptInsecureCerts: false, browserName: chrome, browserVersion: 100.0.4896.60, chrome: {chromedriverVersion: 100.0.4896.60 (6a5d10861ce8..., userDataDir: C:\Users\ANDRSF~1\AppData\L...}, goog:chromeOptions: {debuggerAddress: localhost:50980}, javascriptEnabled: true, networkConnectionEnabled: false, pageLoadStrategy: normal, platform: WINDOWS, platformName: WINDOWS, proxy: Proxy(), setWindowRect: true, strictFileInteractability: false, timeouts: {implicit: 0, pageLoad: 300000, script: 30000}, unhandledPromptBehavior: dismiss and notify, webauthn:extension:credBlob: true, webauthn:extension:largeBlob: true, webauthn:virtualAuthenticators: true}&#10;Session ID: d392576f654ce49b7274ab58bc174a42&#10;*** Element info: {Using=xpath, value=//h1[contains(text(), 'Welcome to the world's largest community of freelance software testers!')]}" type="java.lang.AssertionError">invalid selector: Unable to locate an element with the xpath expression //h1[contains(text(), 'Welcome to the world's largest community of freelance software testers!')] because of the following error:
SyntaxError: Failed to execute 'evaluate' on 'Document': The string '//h1[contains(text(), 'Welcome to the world's largest community of freelance software testers!')]' is not a valid XPath expression.
  (Session info: chrome=100.0.4896.60)
For documentation on this error, please visit: https://www.seleniumhq.org/exceptions/invalid_selector_exception.html
Build info: version: '3.141.59', revision: 'e82be7d358', time: '2018-11-14T08:17:03'
System info: host: 'DESKTOP-I1G8VKD', ip: '10.212.129.53', os.name: 'Windows 10', os.arch: 'amd64', os.version: '10.0', java.version: '1.8.0_241'
Driver info: org.openqa.selenium.chrome.ChromeDriver
Capabilities {acceptInsecureCerts: false, browserName: chrome, browserVersion: 100.0.4896.60, chrome: {chromedriverVersion: 100.0.4896.60 (6a5d10861ce8..., userDataDir: C:\Users\ANDRSF~1\AppData\L...}, goog:chromeOptions: {debuggerAddress: localhost:50980}, javascriptEnabled: true, networkConnectionEnabled: false, pageLoadStrategy: normal, platform: WINDOWS, platformName: WINDOWS, proxy: Proxy(), setWindowRect: true, strictFileInteractability: false, timeouts: {implicit: 0, pageLoad: 300000, script: 30000}, unhandledPromptBehavior: dismiss and notify, webauthn:extension:credBlob: true, webauthn:extension:largeBlob: true, webauthn:virtualAuthenticators: true}
Session ID: d392576f654ce49b7274ab58bc174a42
*** Element info: {Using=xpath, value=//h1[contains(text(), 'Welcome to the world's largest community of freelance software testers!')]}</error><system-err>invalid selector: Unable to locate an element with the xpath expression //h1[contains(text(), 'Welcome to the world's largest community of freelance software testers!')] because of the following error:
SyntaxError: Failed to execute 'evaluate' on 'Document': The string '//h1[contains(text(), 'Welcome to the world's largest community of freelance software testers!')]' is not a valid XPath expression.
  (Session info: chrome=100.0.4896.60)
For documentation on this error, please visit: https://www.seleniumhq.org/exceptions/invalid_selector_exception.html
Build info: version: '3.141.59', revision: 'e82be7d358', time: '2018-11-14T08:17:03'
System info: host: 'DESKTOP-I1G8VKD', ip: '10.212.129.53', os.name: 'Windows 10', os.arch: 'amd64', os.version: '10.0', java.version: '1.8.0_241'
Driver info: org.openqa.selenium.chrome.ChromeDriver
Capabilities {acceptInsecureCerts: false, browserName: chrome, browserVersion: 100.0.4896.60, chrome: {chromedriverVersion: 100.0.4896.60 (6a5d10861ce8..., userDataDir: C:\Users\ANDRSF~1\AppData\L...}, goog:chromeOptions: {debuggerAddress: localhost:50980}, javascriptEnabled: true, networkConnectionEnabled: false, pageLoadStrategy: normal, platform: WINDOWS, platformName: WINDOWS, proxy: Proxy(), setWindowRect: true, strictFileInteractability: false, timeouts: {implicit: 0, pageLoad: 300000, script: 30000}, unhandledPromptBehavior: dismiss and notify, webauthn:extension:credBlob: true, webauthn:extension:largeBlob: true, webauthn:virtualAuthenticators: true}
Session ID: d392576f654ce49b7274ab58bc174a42
*** Element info: {Using=xpath, value=//h1[contains(text(), 'Welcome to the world's largest community of freelance software testers!')]}&#13;
co.com.choucair.reto.test.stepdefinitions.RetoChoucairStepDefinitions.heFillsAndSaveAllDataProvided(RetoChoucairStepDefinitions.java:43)&#13;
âœ½.he fills and save all data provided(src/test/resources/features/retoChoucair.feature:10)&#13;
</system-err></testcase></testsuite>